<?xml version="1.0" encoding="UTF-8"?>
<testng-results skipped="0" failed="0" ignored="0" total="1" passed="1">
  <reporter-output>
  </reporter-output>
  <suite name="Default suite" duration-ms="3964" started-at="2020-10-29T13:17:29Z" finished-at="2020-10-29T13:17:32Z">
    <groups>
    </groups>
    <test name="Default test" duration-ms="3964" started-at="2020-10-29T13:17:29Z" finished-at="2020-10-29T13:17:32Z">
      <class name="com.api.DynamicJson">
        <test-method status="PASS" signature="addBook()[pri:0, instance:com.api.DynamicJson@6fd02e5]" name="addBook" duration-ms="3908" started-at="2020-10-29T13:17:29Z" finished-at="2020-10-29T13:17:32Z">
          <reporter-output>
          </reporter-output>
        </test-method> <!-- addBook -->
      </class> <!-- com.api.DynamicJson -->
    </test> <!-- Default test -->
  </suite> <!-- Default suite -->
</testng-results>
